<?xml version="1.0" encoding="UTF-8"?>
<!-- Generated by org.testng.reporters.JUnitReportReporter -->
<testsuite hostname="Prasannakumar" failures="0" tests="1" name="Testpages.LoginTestPage" time="4.644" errors="0" timestamp="2024-05-03T11:23:31 IST" skipped="0">
  <testcase classname="Testpages.LoginTestPage" name="verifyLoginFunction" time="4.644"/>
  <system-out/>
</testsuite> <!-- Testpages.LoginTestPage -->
